<?xml version="1.0" encoding="UTF-8"?>
<!-- Generated by org.testng.reporters.JUnitXMLReporter -->
<testsuite ignored="0" hostname="DESKTOP-A38U5NS" failures="0" tests="5" name="Default test" time="0.537" errors="0" timestamp="2023-01-30T11:00:08 IST">
  <testcase classname="com.testdrive.dataproviders.ParabankLogin" name="launchBrowser" time="0.007"/>
  <testcase classname="com.testdrive.dataproviders.ParabankLogin" name="validateLoginUsers" time="0.001"/>
  <testcase classname="com.testdrive.dataproviders.ParabankLogin" name="validateLoginUsers" time="0.001"/>
  <testcase classname="com.testdrive.dataproviders.ParabankLogin" name="validateLoginUsers" time="0.0"/>
  <testcase classname="com.testdrive.dataproviders.ParabankLogin" name="validateLoginUsers" time="0.0"/>
</testsuite> <!-- Default test -->
