<?xml version="1.0" encoding="UTF-8"?>
<!-- Generated by org.testng.reporters.JUnitXMLReporter -->
<testsuite ignored="0" hostname="DESKTOP-GHE9HLM" failures="0" tests="3" name="Test" time="141.254" errors="0" timestamp="2023-01-06T11:09:12 IST">
  <testcase classname="com.testapplication.testbase.MainTest" name="loginInValid" time="18.578"/>
  <testcase classname="com.testapplication.testbase.MainTest" name="loginValid" time="19.468"/>
  <testcase classname="com.testapplication.testbase.MainTest" name="loginWithoutUser" time="6.338"/>
</testsuite> <!-- Test -->
