<?xml version="1.0" encoding="UTF-8"?>
<!-- Generated by org.testng.reporters.JUnitXMLReporter -->
<testsuite ignored="0" hostname="DESKTOP-A38U5NS" failures="0" tests="3" name="Test" time="8.998" errors="0" timestamp="2023-01-30T10:56:38 IST">
  <testcase classname="com.testdrive.dataproviders.ParabankLogin" name="launchBrowser" time="5.375"/>
  <testcase classname="com.testdrive.dataproviders.ParabankLogin" name="validateLoginUsers" time="1.26"/>
  <testcase classname="com.testdrive.dataproviders.ParabankLogin" name="validateLoginUsers" time="1.023"/>
</testsuite> <!-- Test -->
