<?xml version="1.0" encoding="UTF-8"?>
<testng-results ignored="0" total="5" passed="5" failed="0" skipped="0">
  <reporter-output>
  </reporter-output>
  <suite started-at="2023-01-30T11:00:08 IST" name="Default suite" finished-at="2023-01-30T11:00:08 IST" duration-ms="537">
    <groups>
    </groups>
    <test started-at="2023-01-30T11:00:08 IST" name="Default test" finished-at="2023-01-30T11:00:08 IST" duration-ms="537">
      <class name="com.testdrive.dataproviders.ParabankLogin">
        <test-method signature="launchBrowser()[pri:0, instance:com.testdrive.dataproviders.ParabankLogin@1e04fa0a]" started-at="2023-01-30T11:00:08 IST" name="launchBrowser" finished-at="2023-01-30T11:00:08 IST" duration-ms="7" status="PASS">
          <reporter-output>
          </reporter-output>
        </test-method> <!-- launchBrowser -->
        <test-method signature="validateLoginUsers(java.lang.String,java.lang.String)[pri:0, instance:com.testdrive.dataproviders.ParabankLogin@1e04fa0a]" started-at="2023-01-30T11:00:08 IST" name="validateLoginUsers" data-provider="loginUsersData" finished-at="2023-01-30T11:00:08 IST" duration-ms="1" status="PASS">
          <params>
            <param index="0">
              <value>
                <![CDATA[Vishwa]]>
              </value>
            </param>
            <param index="1">
              <value>
                <![CDATA[123Password]]>
              </value>
            </param>
          </params>
          <reporter-output>
          </reporter-output>
        </test-method> <!-- validateLoginUsers -->
        <test-method signature="validateLoginUsers(java.lang.String,java.lang.String)[pri:0, instance:com.testdrive.dataproviders.ParabankLogin@1e04fa0a]" started-at="2023-01-30T11:00:08 IST" name="validateLoginUsers" data-provider="loginUsersData" finished-at="2023-01-30T11:00:08 IST" duration-ms="1" status="PASS">
          <params>
            <param index="0">
              <value>
                <![CDATA[Besant]]>
              </value>
            </param>
            <param index="1">
              <value>
                <![CDATA[Password890]]>
              </value>
            </param>
          </params>
          <reporter-output>
          </reporter-output>
        </test-method> <!-- validateLoginUsers -->
        <test-method signature="validateLoginUsers(java.lang.String,java.lang.String)[pri:0, instance:com.testdrive.dataproviders.ParabankLogin@1e04fa0a]" started-at="2023-01-30T11:00:08 IST" name="validateLoginUsers" data-provider="loginUsersData" finished-at="2023-01-30T11:00:08 IST" duration-ms="0" status="PASS">
          <params>
            <param index="0">
              <value>
                <![CDATA[Ganesh]]>
              </value>
            </param>
            <param index="1">
              <value>
                <![CDATA[Test123]]>
              </value>
            </param>
          </params>
          <reporter-output>
          </reporter-output>
        </test-method> <!-- validateLoginUsers -->
        <test-method signature="validateLoginUsers(java.lang.String,java.lang.String)[pri:0, instance:com.testdrive.dataproviders.ParabankLogin@1e04fa0a]" started-at="2023-01-30T11:00:08 IST" name="validateLoginUsers" data-provider="loginUsersData" finished-at="2023-01-30T11:00:08 IST" duration-ms="0" status="PASS">
          <params>
            <param index="0">
              <value>
                <![CDATA[Kathir]]>
              </value>
            </param>
            <param index="1">
              <value>
                <![CDATA[123Test]]>
              </value>
            </param>
          </params>
          <reporter-output>
          </reporter-output>
        </test-method> <!-- validateLoginUsers -->
      </class> <!-- com.testdrive.dataproviders.ParabankLogin -->
    </test> <!-- Default test -->
  </suite> <!-- Default suite -->
</testng-results>
